<?xml version="1.0" encoding="UTF-8"?>
<!-- Generated by org.testng.reporters.JUnitXMLReporter -->
<testsuite ignored="4" hostname="DESKTOP-P60NR2S" failures="0" tests="2" name="Reg_check_email" time="79.055" errors="0" timestamp="2023-11-04T23:47:50 BDT">
  <testcase classname="Larner.Registration" name="url" time="70.273"/>
  <testcase classname="Larner.Registration" name="learner_registration_email" time="5.579"/>
  <testcase classname="Larner.Registration" name="learner_registration_mobile" time="0.0">
    <ignored/>
  </testcase> <!-- learner_registration_mobile -->
  <testcase classname="Larner.Registration" name="Login" time="0.0">
    <ignored/>
  </testcase> <!-- Login -->
  <testcase classname="Larner.Registration" name="Forget_password" time="0.0">
    <ignored/>
  </testcase> <!-- Forget_password -->
  <testcase classname="Larner.Registration" name="Lunch_driver" time="0.0">
    <ignored/>
  </testcase> <!-- Lunch_driver -->
</testsuite> <!-- Reg_check_email -->
